  Main.cpp
  Logic.cpp
  Map.cpp
C:\Users\Vyacheslav\source\repos\GameOfLife\GameOfLife\Map.cpp(62,38): warning C4244: аргумент: преобразование "int" в "float", возможна потеря данных
C:\Users\Vyacheslav\source\repos\GameOfLife\GameOfLife\Map.cpp(62,28): warning C4244: аргумент: преобразование "int" в "float", возможна потеря данных
C:\Users\Vyacheslav\source\repos\GameOfLife\GameOfLife\Map.cpp(79,24): warning C4244: аргумент: преобразование "int" в "T", возможна потеря данных
          with
          [
              T=float
          ]
C:\Users\Vyacheslav\source\repos\GameOfLife\GameOfLife\Map.cpp(79,21): warning C4244: аргумент: преобразование "int" в "T", возможна потеря данных
          with
          [
              T=float
          ]
C:\Users\Vyacheslav\source\repos\GameOfLife\GameOfLife\Map.cpp(80,21): warning C4244: аргумент: преобразование "int" в "T", возможна потеря данных
          with
          [
              T=float
          ]
C:\Users\Vyacheslav\source\repos\GameOfLife\GameOfLife\Map.cpp(85,27): warning C4244: аргумент: преобразование "int" в "T", возможна потеря данных
          with
          [
              T=float
          ]
C:\Users\Vyacheslav\source\repos\GameOfLife\GameOfLife\Map.cpp(86,24): warning C4244: аргумент: преобразование "int" в "T", возможна потеря данных
          with
          [
              T=float
          ]
C:\Users\Vyacheslav\source\repos\GameOfLife\GameOfLife\Map.cpp(86,21): warning C4244: аргумент: преобразование "int" в "T", возможна потеря данных
          with
          [
              T=float
          ]
  Создание кода...
  GameOfLife.vcxproj -> C:\Users\Vyacheslav\source\repos\GameOfLife\x64\Debug\GameOfLife.exe
